[tako-go.square.site/index.html]
[backblue.gif]
[fade.gif]
[index.html]
[tako-go.square.site/square.ico]
[tako-go.square.site/manifest.json]
[tako-go.square.site/uploads/b/3aee5de0-1595-11f0-a1cc-fb3a5fced636/icon_180x180_ios_ODA2Mj7b22.png]
[tako-go.square.site/uploads/b/3aee5de0-1595-11f0-a1cc-fb3a5fced636/icon_180x180_ios_ODA2Mj1539.png]
[tako-go.square.site/uploads/b/3aee5de0-1595-11f0-a1cc-fb3a5fced636/icon_180x180_ios_ODA2Mj62d2.png]
[tako-go.square.site/uploads/b/3aee5de0-1595-11f0-a1cc-fb3a5fced636/icon_180x180_ios_ODA2Mjdc0c.png]
[tako-go.square.site/uploads/b/3aee5de0-1595-11f0-a1cc-fb3a5fced636/splash_2048x4435_MzE2Nzb25d.png]
[tako-go.square.site/uploads/b/3aee5de0-1595-11f0-a1cc-fb3a5fced636/splash_2048x4435_MzE2Nz0f95.png]
[tako-go.square.site/uploads/b/3aee5de0-1595-11f0-a1cc-fb3a5fced636/splash_2048x4435_MzE2Nzfb46.png]
[tako-go.square.site/uploads/b/3aee5de0-1595-11f0-a1cc-fb3a5fced636/splash_2048x4435_MzE2Nz4da5.png]
[tako-go.square.site/uploads/b/3aee5de0-1595-11f0-a1cc-fb3a5fced636/splash_2048x4435_MzE2Nz1789.png]
[tako-go.square.site/uploads/b/3aee5de0-1595-11f0-a1cc-fb3a5fced636/splash_2048x4435_MzE2Nz4765.png]
[tako-go.square.site/uploads/b/3aee5de0-1595-11f0-a1cc-fb3a5fced636/splash_2048x4435_MzE2Nz9096.png]
[tako-go.square.site/uploads/b/3aee5de0-1595-11f0-a1cc-fb3a5fced636/splash_2048x4435_MzE2Nz485e.png]
[tako-go.square.site/uploads/b/3aee5de0-1595-11f0-a1cc-fb3a5fced636/splash_2048x4435_MzE2Nz1624.png]
[tako-go.square.site/uploads/b/3aee5de0-1595-11f0-a1cc-fb3a5fced636/splash_2048x4435_MzE2Nzd24b.png]
[tako-go.square.site/uploads/b/3aee5de0-1595-11f0-a1cc-fb3a5fced636/splash_2048x4435_MzE2Nza05b.png]
[tako-go.square.site/index.html]
[tako-go.square.site/uploads/b/3aee5de0-1595-11f0-a1cc-fb3a5fced636/splash_2048x4435_MzE2Nz3f0c.png]
